<?xml version="1.0" encoding="UTF-8"?>
<testsuite name="com.ch.springboot.domain.posts.PostsRepositoryTest" tests="1" skipped="0" failures="0" errors="0" timestamp="2022-02-13T14:23:53" hostname="LAPTOP-MG42E9KR" time="0.527">
  <properties/>
  <testcase name="BaseTimeEntity_등록" classname="com.ch.springboot.domain.posts.PostsRepositoryTest" time="0.527"/>
  <system-out><![CDATA[23:23:42.146 [Test worker] DEBUG org.springframework.test.context.junit4.SpringJUnit4ClassRunner - SpringJUnit4ClassRunner constructor called with [class com.ch.springboot.domain.posts.PostsRepositoryTest]
23:23:42.166 [Test worker] DEBUG org.springframework.test.context.BootstrapUtils - Instantiating CacheAwareContextLoaderDelegate from class [org.springframework.test.context.cache.DefaultCacheAwareContextLoaderDelegate]
23:23:42.185 [Test worker] DEBUG org.springframework.test.context.BootstrapUtils - Instantiating BootstrapContext using constructor [public org.springframework.test.context.support.DefaultBootstrapContext(java.lang.Class,org.springframework.test.context.CacheAwareContextLoaderDelegate)]
23:23:42.237 [Test worker] DEBUG org.springframework.test.context.BootstrapUtils - Instantiating TestContextBootstrapper for test class [com.ch.springboot.domain.posts.PostsRepositoryTest] from class [org.springframework.boot.test.context.SpringBootTestContextBootstrapper]
23:23:42.266 [Test worker] INFO org.springframework.boot.test.context.SpringBootTestContextBootstrapper - Neither @ContextConfiguration nor @ContextHierarchy found for test class [com.ch.springboot.domain.posts.PostsRepositoryTest], using SpringBootContextLoader
23:23:42.271 [Test worker] DEBUG org.springframework.test.context.support.AbstractContextLoader - Did not detect default resource location for test class [com.ch.springboot.domain.posts.PostsRepositoryTest]: class path resource [com/ch/springboot/domain/posts/PostsRepositoryTest-context.xml] does not exist
23:23:42.271 [Test worker] DEBUG org.springframework.test.context.support.AbstractContextLoader - Did not detect default resource location for test class [com.ch.springboot.domain.posts.PostsRepositoryTest]: class path resource [com/ch/springboot/domain/posts/PostsRepositoryTestContext.groovy] does not exist
23:23:42.272 [Test worker] INFO org.springframework.test.context.support.AbstractContextLoader - Could not detect default resource locations for test class [com.ch.springboot.domain.posts.PostsRepositoryTest]: no resource found for suffixes {-context.xml, Context.groovy}.
23:23:42.276 [Test worker] INFO org.springframework.test.context.support.AnnotationConfigContextLoaderUtils - Could not detect default configuration classes for test class [com.ch.springboot.domain.posts.PostsRepositoryTest]: PostsRepositoryTest does not declare any static, non-private, non-final, nested classes annotated with @Configuration.
23:23:42.339 [Test worker] DEBUG org.springframework.test.context.support.ActiveProfilesUtils - Could not find an 'annotation declaring class' for annotation type [org.springframework.test.context.ActiveProfiles] and class [com.ch.springboot.domain.posts.PostsRepositoryTest]
23:23:42.488 [Test worker] DEBUG org.springframework.context.annotation.ClassPathScanningCandidateComponentProvider - Identified candidate component class: file [C:\Users\Joa\IdeaProjects\spring-example\build\classes\java\main\com\ch\springboot\Application.class]
23:23:42.490 [Test worker] INFO org.springframework.boot.test.context.SpringBootTestContextBootstrapper - Found @SpringBootConfiguration com.ch.springboot.Application for test class com.ch.springboot.domain.posts.PostsRepositoryTest
23:23:42.651 [Test worker] DEBUG org.springframework.boot.test.context.SpringBootTestContextBootstrapper - @TestExecutionListeners is not present for class [com.ch.springboot.domain.posts.PostsRepositoryTest]: using defaults.
23:23:42.652 [Test worker] INFO org.springframework.boot.test.context.SpringBootTestContextBootstrapper - Loaded default TestExecutionListener class names from location [META-INF/spring.factories]: [org.springframework.security.test.context.support.WithSecurityContextTestExecutionListener, org.springframework.security.test.context.support.ReactorContextTestExecutionListener, org.springframework.boot.test.autoconfigure.restdocs.RestDocsTestExecutionListener, org.springframework.boot.test.autoconfigure.web.client.MockRestServiceServerResetTestExecutionListener, org.springframework.boot.test.autoconfigure.web.servlet.MockMvcPrintOnlyOnFailureTestExecutionListener, org.springframework.boot.test.autoconfigure.web.servlet.WebDriverTestExecutionListener, org.springframework.boot.test.mock.mockito.MockitoTestExecutionListener, org.springframework.boot.test.mock.mockito.ResetMocksTestExecutionListener, org.springframework.test.context.web.ServletTestExecutionListener, org.springframework.test.context.support.DirtiesContextBeforeModesTestExecutionListener, org.springframework.test.context.support.DependencyInjectionTestExecutionListener, org.springframework.test.context.support.DirtiesContextTestExecutionListener, org.springframework.test.context.transaction.TransactionalTestExecutionListener, org.springframework.test.context.jdbc.SqlScriptsTestExecutionListener]
23:23:42.694 [Test worker] INFO org.springframework.boot.test.context.SpringBootTestContextBootstrapper - Using TestExecutionListeners: [org.springframework.test.context.web.ServletTestExecutionListener@6e8cea3b, org.springframework.test.context.support.DirtiesContextBeforeModesTestExecutionListener@8cac2e7, org.springframework.boot.test.mock.mockito.MockitoTestExecutionListener@2d64b5df, org.springframework.boot.test.autoconfigure.SpringBootDependencyInjectionTestExecutionListener@7940cc0b, org.springframework.test.context.support.DirtiesContextTestExecutionListener@70942c2a, org.springframework.test.context.transaction.TransactionalTestExecutionListener@2e170525, org.springframework.test.context.jdbc.SqlScriptsTestExecutionListener@26558775, org.springframework.security.test.context.support.WithSecurityContextTestExecutionListener@590a2720, org.springframework.security.test.context.support.ReactorContextTestExecutionListener@82eb557, org.springframework.boot.test.autoconfigure.restdocs.RestDocsTestExecutionListener@1e86a75a, org.springframework.boot.test.autoconfigure.web.client.MockRestServiceServerResetTestExecutionListener@14e2f5d0, org.springframework.boot.test.autoconfigure.web.servlet.MockMvcPrintOnlyOnFailureTestExecutionListener@1c59f34b, org.springframework.boot.test.autoconfigure.web.servlet.WebDriverTestExecutionListener@61a0799a, org.springframework.boot.test.mock.mockito.ResetMocksTestExecutionListener@4ab7be83]
23:23:42.701 [Test worker] DEBUG org.springframework.test.annotation.ProfileValueUtils - Retrieved @ProfileValueSourceConfiguration [null] for test class [com.ch.springboot.domain.posts.PostsRepositoryTest]
23:23:42.702 [Test worker] DEBUG org.springframework.test.annotation.ProfileValueUtils - Retrieved ProfileValueSource type [class org.springframework.test.annotation.SystemProfileValueSource] for class [com.ch.springboot.domain.posts.PostsRepositoryTest]
23:23:42.707 [Test worker] DEBUG org.springframework.test.annotation.ProfileValueUtils - Retrieved @ProfileValueSourceConfiguration [null] for test class [com.ch.springboot.domain.posts.PostsRepositoryTest]
23:23:42.707 [Test worker] DEBUG org.springframework.test.annotation.ProfileValueUtils - Retrieved ProfileValueSource type [class org.springframework.test.annotation.SystemProfileValueSource] for class [com.ch.springboot.domain.posts.PostsRepositoryTest]
23:23:42.709 [Test worker] DEBUG org.springframework.test.annotation.ProfileValueUtils - Retrieved @ProfileValueSourceConfiguration [null] for test class [com.ch.springboot.domain.posts.PostsRepositoryTest]
23:23:42.709 [Test worker] DEBUG org.springframework.test.annotation.ProfileValueUtils - Retrieved ProfileValueSource type [class org.springframework.test.annotation.SystemProfileValueSource] for class [com.ch.springboot.domain.posts.PostsRepositoryTest]
23:23:42.720 [Test worker] DEBUG org.springframework.test.context.support.AbstractDirtiesContextTestExecutionListener - Before test class: context [DefaultTestContext@76be199d testClass = PostsRepositoryTest, testInstance = [null], testMethod = [null], testException = [null], mergedContextConfiguration = [WebMergedContextConfiguration@b2089c7 testClass = PostsRepositoryTest, locations = '{}', classes = '{class com.ch.springboot.Application}', contextInitializerClasses = '[]', activeProfiles = '{}', propertySourceLocations = '{}', propertySourceProperties = '{org.springframework.boot.test.context.SpringBootTestContextBootstrapper=true}', contextCustomizers = set[org.springframework.boot.test.autoconfigure.properties.PropertyMappingContextCustomizer@0, org.springframework.boot.test.autoconfigure.web.servlet.WebDriverContextCustomizerFactory$Customizer@4f951910, org.springframework.boot.test.context.filter.ExcludeFilterContextCustomizer@526e7d6a, org.springframework.boot.test.json.DuplicateJsonObjectContextCustomizerFactory$DuplicateJsonObjectContextCustomizer@1b379f47, org.springframework.boot.test.mock.mockito.MockitoContextCustomizer@0, org.springframework.boot.test.web.client.TestRestTemplateContextCustomizer@332492a5], resourceBasePath = 'src/main/webapp', contextLoader = 'org.springframework.boot.test.context.SpringBootContextLoader', parent = [null]], attributes = map['org.springframework.test.context.web.ServletTestExecutionListener.activateListener' -> true]], class annotated with @DirtiesContext [false] with mode [null].
23:23:42.721 [Test worker] DEBUG org.springframework.test.annotation.ProfileValueUtils - Retrieved @ProfileValueSourceConfiguration [null] for test class [com.ch.springboot.domain.posts.PostsRepositoryTest]
23:23:42.721 [Test worker] DEBUG org.springframework.test.annotation.ProfileValueUtils - Retrieved ProfileValueSource type [class org.springframework.test.annotation.SystemProfileValueSource] for class [com.ch.springboot.domain.posts.PostsRepositoryTest]
23:23:42.770 [Test worker] DEBUG org.springframework.test.context.support.TestPropertySourceUtils - Adding inlined properties to environment: {spring.jmx.enabled=false, org.springframework.boot.test.context.SpringBootTestContextBootstrapper=true, server.port=-1}

  .   ____          _            __ _ _
 /\\ / ___'_ __ _ _(_)_ __  __ _ \ \ \ \
( ( )\___ | '_ | '_| | '_ \/ _` | \ \ \ \
 \\/  ___)| |_)| | | | | || (_| |  ) ) ) )
  '  |____| .__|_| |_|_| |_\__, | / / / /
 =========|_|==============|___/=/_/_/_/
 :: Spring Boot ::        (v2.1.7.RELEASE)

2022-02-13 23:23:43.396  INFO 2008 --- [    Test worker] c.c.s.domain.posts.PostsRepositoryTest   : Starting PostsRepositoryTest on LAPTOP-MG42E9KR with PID 2008 (started by Joa in C:\Users\Joa\IdeaProjects\spring-example)
2022-02-13 23:23:43.398  INFO 2008 --- [    Test worker] c.c.s.domain.posts.PostsRepositoryTest   : No active profile set, falling back to default profiles: default
2022-02-13 23:23:45.365  INFO 2008 --- [    Test worker] .s.d.r.c.RepositoryConfigurationDelegate : Bootstrapping Spring Data repositories in DEFAULT mode.
2022-02-13 23:23:45.500  INFO 2008 --- [    Test worker] .s.d.r.c.RepositoryConfigurationDelegate : Finished Spring Data repository scanning in 117ms. Found 2 repository interfaces.
2022-02-13 23:23:46.365  INFO 2008 --- [    Test worker] trationDelegate$BeanPostProcessorChecker : Bean 'org.springframework.transaction.annotation.ProxyTransactionManagementConfiguration' of type [org.springframework.transaction.annotation.ProxyTransactionManagementConfiguration$$EnhancerBySpringCGLIB$$30301c4b] is not eligible for getting processed by all BeanPostProcessors (for example: not eligible for auto-proxying)
2022-02-13 23:23:46.791  INFO 2008 --- [    Test worker] com.zaxxer.hikari.HikariDataSource       : HikariPool-1 - Starting...
2022-02-13 23:23:47.075  INFO 2008 --- [    Test worker] com.zaxxer.hikari.HikariDataSource       : HikariPool-1 - Start completed.
2022-02-13 23:23:47.224  INFO 2008 --- [    Test worker] o.hibernate.jpa.internal.util.LogHelper  : HHH000204: Processing PersistenceUnitInfo [
	name: default
	...]
2022-02-13 23:23:47.376  INFO 2008 --- [    Test worker] org.hibernate.Version                    : HHH000412: Hibernate Core {5.3.10.Final}
2022-02-13 23:23:47.380  INFO 2008 --- [    Test worker] org.hibernate.cfg.Environment            : HHH000206: hibernate.properties not found
2022-02-13 23:23:47.669  INFO 2008 --- [    Test worker] o.hibernate.annotations.common.Version   : HCANN000001: Hibernate Commons Annotations {5.0.4.Final}
2022-02-13 23:23:48.020  INFO 2008 --- [    Test worker] org.hibernate.dialect.Dialect            : HHH000400: Using dialect: org.hibernate.dialect.MySQL5InnoDBDialect
Hibernate: drop table if exists posts
Hibernate: drop table if exists user
Hibernate: create table posts (id bigint not null auto_increment, created_date datetime, modified_date datetime, author varchar(255), content TEXT not null, title varchar(500) not null, primary key (id)) engine=InnoDB
Hibernate: create table user (id bigint not null auto_increment, created_date datetime, modified_date datetime, email varchar(255) not null, name varchar(255) not null, picture varchar(255), role varchar(255) not null, primary key (id)) engine=InnoDB
2022-02-13 23:23:49.197  INFO 2008 --- [    Test worker] o.h.t.schema.internal.SchemaCreatorImpl  : HHH000476: Executing import script 'org.hibernate.tool.schema.internal.exec.ScriptSourceInputNonExistentImpl@57da9939'
2022-02-13 23:23:49.203  INFO 2008 --- [    Test worker] j.LocalContainerEntityManagerFactoryBean : Initialized JPA EntityManagerFactory for persistence unit 'default'
2022-02-13 23:23:50.185  INFO 2008 --- [    Test worker] o.h.h.i.QueryTranslatorFactoryInitiator  : HHH000397: Using ASTQueryTranslatorFactory
2022-02-13 23:23:51.089  INFO 2008 --- [    Test worker] o.s.s.web.DefaultSecurityFilterChain     : Creating filter chain: any request, [org.springframework.security.web.context.request.async.WebAsyncManagerIntegrationFilter@3cbea4a9, org.springframework.security.web.context.SecurityContextPersistenceFilter@4c9f4ec6, org.springframework.security.web.header.HeaderWriterFilter@2c675071, org.springframework.security.web.authentication.logout.LogoutFilter@298c9788, org.springframework.security.oauth2.client.web.OAuth2AuthorizationRequestRedirectFilter@19e55a2, org.springframework.security.oauth2.client.web.OAuth2LoginAuthenticationFilter@4c96c28e, org.springframework.security.web.authentication.ui.DefaultLoginPageGeneratingFilter@c9a98d5, org.springframework.security.web.authentication.ui.DefaultLogoutPageGeneratingFilter@3b60bea5, org.springframework.security.web.savedrequest.RequestCacheAwareFilter@4d3ae57e, org.springframework.security.web.servletapi.SecurityContextHolderAwareRequestFilter@33d5fed1, org.springframework.security.web.authentication.AnonymousAuthenticationFilter@258ec552, org.springframework.security.web.session.SessionManagementFilter@6a81e106, org.springframework.security.web.access.ExceptionTranslationFilter@76ee99d4, org.springframework.security.web.access.intercept.FilterSecurityInterceptor@656ef1b3]
2022-02-13 23:23:52.053  INFO 2008 --- [    Test worker] o.s.s.concurrent.ThreadPoolTaskExecutor  : Initializing ExecutorService 'applicationTaskExecutor'
2022-02-13 23:23:52.158  WARN 2008 --- [    Test worker] aWebConfiguration$JpaWebMvcConfiguration : spring.jpa.open-in-view is enabled by default. Therefore, database queries may be performed during view rendering. Explicitly configure spring.jpa.open-in-view to disable this warning
2022-02-13 23:23:52.244  INFO 2008 --- [    Test worker] o.s.b.a.w.s.WelcomePageHandlerMapping    : Adding welcome page template: index
2022-02-13 23:23:53.281  INFO 2008 --- [    Test worker] s.a.ScheduledAnnotationBeanPostProcessor : No TaskScheduler/ScheduledExecutorService bean found for scheduled processing
2022-02-13 23:23:53.296  INFO 2008 --- [    Test worker] c.c.s.domain.posts.PostsRepositoryTest   : Started PostsRepositoryTest in 10.512 seconds (JVM running for 12.464)
Hibernate: insert into posts (created_date, modified_date, author, content, title) values (?, ?, ?, ?, ?)
Hibernate: select posts0_.id as id1_0_, posts0_.created_date as created_2_0_, posts0_.modified_date as modified3_0_, posts0_.author as author4_0_, posts0_.content as content5_0_, posts0_.title as title6_0_ from posts posts0_
>>>>>>>>> createDate=2022-02-13T23:23:53.608, modifiedDate=2022-02-13T23:23:53.608
Hibernate: select posts0_.id as id1_0_, posts0_.created_date as created_2_0_, posts0_.modified_date as modified3_0_, posts0_.author as author4_0_, posts0_.content as content5_0_, posts0_.title as title6_0_ from posts posts0_
Hibernate: delete from posts where id=?
]]></system-out>
  <system-err><![CDATA[]]></system-err>
</testsuite>
