<?xml version="1.0" encoding="UTF-8"?>
<testsuite name="com.ch.springboot.web.dto.HelloResponseDtoTest" tests="1" skipped="0" failures="0" errors="0" timestamp="2022-02-06T13:48:39" hostname="DESKTOP-QG03ONS" time="0.008">
  <properties/>
  <testcase name="롬복_기능_테스트" classname="com.ch.springboot.web.dto.HelloResponseDtoTest" time="0.008"/>
  <system-out><![CDATA[]]></system-out>
  <system-err><![CDATA[]]></system-err>
</testsuite>
