<?xml version="1.0" encoding="UTF-8"?>
<testsuite name="com.ch.springboot.web.HelloControllerTest" tests="2" skipped="0" failures="0" errors="0" timestamp="2022-02-06T13:48:33" hostname="DESKTOP-QG03ONS" time="0.38">
  <properties/>
  <testcase name="hello가_리턴된다" classname="com.ch.springboot.web.HelloControllerTest" time="0.284"/>
  <testcase name="helloDto가_리턴된다" classname="com.ch.springboot.web.HelloControllerTest" time="0.096"/>
  <system-out><![CDATA[22:48:30.322 [Test worker] DEBUG org.springframework.test.context.junit4.SpringJUnit4ClassRunner - SpringJUnit4ClassRunner constructor called with [class com.ch.springboot.web.HelloControllerTest]
22:48:30.331 [Test worker] DEBUG org.springframework.test.context.BootstrapUtils - Instantiating CacheAwareContextLoaderDelegate from class [org.springframework.test.context.cache.DefaultCacheAwareContextLoaderDelegate]
22:48:30.341 [Test worker] DEBUG org.springframework.test.context.BootstrapUtils - Instantiating BootstrapContext using constructor [public org.springframework.test.context.support.DefaultBootstrapContext(java.lang.Class,org.springframework.test.context.CacheAwareContextLoaderDelegate)]
22:48:30.361 [Test worker] DEBUG org.springframework.test.context.BootstrapUtils - Instantiating TestContextBootstrapper for test class [com.ch.springboot.web.HelloControllerTest] from class [org.springframework.boot.test.autoconfigure.web.servlet.WebMvcTestContextBootstrapper]
22:48:30.384 [Test worker] INFO org.springframework.boot.test.autoconfigure.web.servlet.WebMvcTestContextBootstrapper - Neither @ContextConfiguration nor @ContextHierarchy found for test class [com.ch.springboot.web.HelloControllerTest], using SpringBootContextLoader
22:48:30.388 [Test worker] DEBUG org.springframework.test.context.support.AbstractContextLoader - Did not detect default resource location for test class [com.ch.springboot.web.HelloControllerTest]: class path resource [com/ch/springboot/web/HelloControllerTest-context.xml] does not exist
22:48:30.389 [Test worker] DEBUG org.springframework.test.context.support.AbstractContextLoader - Did not detect default resource location for test class [com.ch.springboot.web.HelloControllerTest]: class path resource [com/ch/springboot/web/HelloControllerTestContext.groovy] does not exist
22:48:30.389 [Test worker] INFO org.springframework.test.context.support.AbstractContextLoader - Could not detect default resource locations for test class [com.ch.springboot.web.HelloControllerTest]: no resource found for suffixes {-context.xml, Context.groovy}.
22:48:30.390 [Test worker] INFO org.springframework.test.context.support.AnnotationConfigContextLoaderUtils - Could not detect default configuration classes for test class [com.ch.springboot.web.HelloControllerTest]: HelloControllerTest does not declare any static, non-private, non-final, nested classes annotated with @Configuration.
22:48:30.465 [Test worker] DEBUG org.springframework.test.context.support.ActiveProfilesUtils - Could not find an 'annotation declaring class' for annotation type [org.springframework.test.context.ActiveProfiles] and class [com.ch.springboot.web.HelloControllerTest]
22:48:30.554 [Test worker] DEBUG org.springframework.context.annotation.ClassPathScanningCandidateComponentProvider - Identified candidate component class: file [C:\Users\joach\IdeaProjects\spring-example\build\classes\java\main\com\ch\springboot\Application.class]
22:48:30.556 [Test worker] INFO org.springframework.boot.test.context.SpringBootTestContextBootstrapper - Found @SpringBootConfiguration com.ch.springboot.Application for test class com.ch.springboot.web.HelloControllerTest
22:48:30.557 [Test worker] DEBUG org.springframework.boot.test.autoconfigure.web.servlet.WebMvcTestContextBootstrapper - @TestExecutionListeners is not present for class [com.ch.springboot.web.HelloControllerTest]: using defaults.
22:48:30.558 [Test worker] INFO org.springframework.boot.test.autoconfigure.web.servlet.WebMvcTestContextBootstrapper - Loaded default TestExecutionListener class names from location [META-INF/spring.factories]: [org.springframework.security.test.context.support.WithSecurityContextTestExecutionListener, org.springframework.security.test.context.support.ReactorContextTestExecutionListener, org.springframework.boot.test.autoconfigure.restdocs.RestDocsTestExecutionListener, org.springframework.boot.test.autoconfigure.web.client.MockRestServiceServerResetTestExecutionListener, org.springframework.boot.test.autoconfigure.web.servlet.MockMvcPrintOnlyOnFailureTestExecutionListener, org.springframework.boot.test.autoconfigure.web.servlet.WebDriverTestExecutionListener, org.springframework.boot.test.mock.mockito.MockitoTestExecutionListener, org.springframework.boot.test.mock.mockito.ResetMocksTestExecutionListener, org.springframework.test.context.web.ServletTestExecutionListener, org.springframework.test.context.support.DirtiesContextBeforeModesTestExecutionListener, org.springframework.test.context.support.DependencyInjectionTestExecutionListener, org.springframework.test.context.support.DirtiesContextTestExecutionListener, org.springframework.test.context.transaction.TransactionalTestExecutionListener, org.springframework.test.context.jdbc.SqlScriptsTestExecutionListener]
22:48:30.588 [Test worker] INFO org.springframework.boot.test.autoconfigure.web.servlet.WebMvcTestContextBootstrapper - Using TestExecutionListeners: [org.springframework.test.context.web.ServletTestExecutionListener@1257eb9d, org.springframework.test.context.support.DirtiesContextBeforeModesTestExecutionListener@7ada48b, org.springframework.boot.test.mock.mockito.MockitoTestExecutionListener@37582b78, org.springframework.boot.test.autoconfigure.SpringBootDependencyInjectionTestExecutionListener@28454c9, org.springframework.test.context.support.DirtiesContextTestExecutionListener@2fa25c07, org.springframework.test.context.transaction.TransactionalTestExecutionListener@45c12c84, org.springframework.test.context.jdbc.SqlScriptsTestExecutionListener@3334dcaf, org.springframework.security.test.context.support.WithSecurityContextTestExecutionListener@1336e41c, org.springframework.security.test.context.support.ReactorContextTestExecutionListener@2e49c019, org.springframework.boot.test.autoconfigure.restdocs.RestDocsTestExecutionListener@62206c58, org.springframework.boot.test.autoconfigure.web.client.MockRestServiceServerResetTestExecutionListener@77640517, org.springframework.boot.test.autoconfigure.web.servlet.MockMvcPrintOnlyOnFailureTestExecutionListener@53d619e3, org.springframework.boot.test.autoconfigure.web.servlet.WebDriverTestExecutionListener@33ff4288, org.springframework.boot.test.mock.mockito.ResetMocksTestExecutionListener@525cba03]
22:48:30.592 [Test worker] DEBUG org.springframework.test.annotation.ProfileValueUtils - Retrieved @ProfileValueSourceConfiguration [null] for test class [com.ch.springboot.web.HelloControllerTest]
22:48:30.593 [Test worker] DEBUG org.springframework.test.annotation.ProfileValueUtils - Retrieved ProfileValueSource type [class org.springframework.test.annotation.SystemProfileValueSource] for class [com.ch.springboot.web.HelloControllerTest]
22:48:30.593 [Test worker] DEBUG org.springframework.test.annotation.ProfileValueUtils - Retrieved @ProfileValueSourceConfiguration [null] for test class [com.ch.springboot.web.HelloControllerTest]
22:48:30.593 [Test worker] DEBUG org.springframework.test.annotation.ProfileValueUtils - Retrieved ProfileValueSource type [class org.springframework.test.annotation.SystemProfileValueSource] for class [com.ch.springboot.web.HelloControllerTest]
22:48:30.599 [Test worker] DEBUG org.springframework.test.context.support.AbstractDirtiesContextTestExecutionListener - Before test class: context [DefaultTestContext@411a6328 testClass = HelloControllerTest, testInstance = [null], testMethod = [null], testException = [null], mergedContextConfiguration = [WebMergedContextConfiguration@111c2c0e testClass = HelloControllerTest, locations = '{}', classes = '{class com.ch.springboot.Application}', contextInitializerClasses = '[]', activeProfiles = '{}', propertySourceLocations = '{}', propertySourceProperties = '{org.springframework.boot.test.autoconfigure.web.servlet.WebMvcTestContextBootstrapper=true}', contextCustomizers = set[org.springframework.boot.test.autoconfigure.OverrideAutoConfigurationContextCustomizerFactory$DisableAutoConfigurationContextCustomizer@72146a39, org.springframework.boot.test.autoconfigure.filter.TypeExcludeFiltersContextCustomizer@c6d8acee, org.springframework.boot.test.autoconfigure.properties.PropertyMappingContextCustomizer@928a9aaf, org.springframework.boot.test.autoconfigure.web.servlet.WebDriverContextCustomizerFactory$Customizer@12b88118, [ImportsContextCustomizer@39b52cbf key = [org.springframework.boot.autoconfigure.cache.CacheAutoConfiguration, org.springframework.boot.autoconfigure.context.MessageSourceAutoConfiguration, org.springframework.boot.autoconfigure.data.web.SpringDataWebAutoConfiguration, org.springframework.boot.autoconfigure.freemarker.FreeMarkerAutoConfiguration, org.springframework.boot.autoconfigure.groovy.template.GroovyTemplateAutoConfiguration, org.springframework.boot.autoconfigure.gson.GsonAutoConfiguration, org.springframework.boot.autoconfigure.hateoas.HypermediaAutoConfiguration, org.springframework.boot.autoconfigure.http.HttpMessageConvertersAutoConfiguration, org.springframework.boot.autoconfigure.jackson.JacksonAutoConfiguration, org.springframework.boot.autoconfigure.jsonb.JsonbAutoConfiguration, org.springframework.boot.autoconfigure.mustache.MustacheAutoConfiguration, org.springframework.boot.autoconfigure.task.TaskExecutionAutoConfiguration, org.springframework.boot.autoconfigure.thymeleaf.ThymeleafAutoConfiguration, org.springframework.boot.autoconfigure.validation.ValidationAutoConfiguration, org.springframework.boot.autoconfigure.web.servlet.error.ErrorMvcAutoConfiguration, org.springframework.boot.autoconfigure.web.servlet.WebMvcAutoConfiguration, org.springframework.boot.test.autoconfigure.web.servlet.MockMvcAutoConfiguration, org.springframework.boot.test.autoconfigure.web.servlet.MockMvcSecurityAutoConfiguration, org.springframework.boot.test.autoconfigure.web.servlet.MockMvcWebClientAutoConfiguration, org.springframework.boot.test.autoconfigure.web.servlet.MockMvcWebDriverAutoConfiguration]], org.springframework.boot.test.context.filter.ExcludeFilterContextCustomizer@35979a20, org.springframework.boot.test.json.DuplicateJsonObjectContextCustomizerFactory$DuplicateJsonObjectContextCustomizer@76f8ef30, org.springframework.boot.test.mock.mockito.MockitoContextCustomizer@0], resourceBasePath = 'src/main/webapp', contextLoader = 'org.springframework.boot.test.context.SpringBootContextLoader', parent = [null]], attributes = map[[empty]]], class annotated with @DirtiesContext [false] with mode [null].
22:48:30.600 [Test worker] DEBUG org.springframework.test.annotation.ProfileValueUtils - Retrieved @ProfileValueSourceConfiguration [null] for test class [com.ch.springboot.web.HelloControllerTest]
22:48:30.600 [Test worker] DEBUG org.springframework.test.annotation.ProfileValueUtils - Retrieved ProfileValueSource type [class org.springframework.test.annotation.SystemProfileValueSource] for class [com.ch.springboot.web.HelloControllerTest]
22:48:30.606 [Test worker] DEBUG org.springframework.test.context.support.DependencyInjectionTestExecutionListener - Performing dependency injection for test context [[DefaultTestContext@411a6328 testClass = HelloControllerTest, testInstance = com.ch.springboot.web.HelloControllerTest@c58920b, testMethod = [null], testException = [null], mergedContextConfiguration = [WebMergedContextConfiguration@111c2c0e testClass = HelloControllerTest, locations = '{}', classes = '{class com.ch.springboot.Application}', contextInitializerClasses = '[]', activeProfiles = '{}', propertySourceLocations = '{}', propertySourceProperties = '{org.springframework.boot.test.autoconfigure.web.servlet.WebMvcTestContextBootstrapper=true}', contextCustomizers = set[org.springframework.boot.test.autoconfigure.OverrideAutoConfigurationContextCustomizerFactory$DisableAutoConfigurationContextCustomizer@72146a39, org.springframework.boot.test.autoconfigure.filter.TypeExcludeFiltersContextCustomizer@c6d8acee, org.springframework.boot.test.autoconfigure.properties.PropertyMappingContextCustomizer@928a9aaf, org.springframework.boot.test.autoconfigure.web.servlet.WebDriverContextCustomizerFactory$Customizer@12b88118, [ImportsContextCustomizer@39b52cbf key = [org.springframework.boot.autoconfigure.cache.CacheAutoConfiguration, org.springframework.boot.autoconfigure.context.MessageSourceAutoConfiguration, org.springframework.boot.autoconfigure.data.web.SpringDataWebAutoConfiguration, org.springframework.boot.autoconfigure.freemarker.FreeMarkerAutoConfiguration, org.springframework.boot.autoconfigure.groovy.template.GroovyTemplateAutoConfiguration, org.springframework.boot.autoconfigure.gson.GsonAutoConfiguration, org.springframework.boot.autoconfigure.hateoas.HypermediaAutoConfiguration, org.springframework.boot.autoconfigure.http.HttpMessageConvertersAutoConfiguration, org.springframework.boot.autoconfigure.jackson.JacksonAutoConfiguration, org.springframework.boot.autoconfigure.jsonb.JsonbAutoConfiguration, org.springframework.boot.autoconfigure.mustache.MustacheAutoConfiguration, org.springframework.boot.autoconfigure.task.TaskExecutionAutoConfiguration, org.springframework.boot.autoconfigure.thymeleaf.ThymeleafAutoConfiguration, org.springframework.boot.autoconfigure.validation.ValidationAutoConfiguration, org.springframework.boot.autoconfigure.web.servlet.error.ErrorMvcAutoConfiguration, org.springframework.boot.autoconfigure.web.servlet.WebMvcAutoConfiguration, org.springframework.boot.test.autoconfigure.web.servlet.MockMvcAutoConfiguration, org.springframework.boot.test.autoconfigure.web.servlet.MockMvcSecurityAutoConfiguration, org.springframework.boot.test.autoconfigure.web.servlet.MockMvcWebClientAutoConfiguration, org.springframework.boot.test.autoconfigure.web.servlet.MockMvcWebDriverAutoConfiguration]], org.springframework.boot.test.context.filter.ExcludeFilterContextCustomizer@35979a20, org.springframework.boot.test.json.DuplicateJsonObjectContextCustomizerFactory$DuplicateJsonObjectContextCustomizer@76f8ef30, org.springframework.boot.test.mock.mockito.MockitoContextCustomizer@0], resourceBasePath = 'src/main/webapp', contextLoader = 'org.springframework.boot.test.context.SpringBootContextLoader', parent = [null]], attributes = map[[empty]]]].
22:48:30.759 [Test worker] DEBUG org.springframework.test.context.support.TestPropertySourceUtils - Adding inlined properties to environment: {spring.jmx.enabled=false, org.springframework.boot.test.autoconfigure.web.servlet.WebMvcTestContextBootstrapper=true, server.port=-1}

  .   ____          _            __ _ _
 /\\ / ___'_ __ _ _(_)_ __  __ _ \ \ \ \
( ( )\___ | '_ | '_| | '_ \/ _` | \ \ \ \
 \\/  ___)| |_)| | | | | || (_| |  ) ) ) )
  '  |____| .__|_| |_|_| |_\__, | / / / /
 =========|_|==============|___/=/_/_/_/
 :: Spring Boot ::        (v2.1.7.RELEASE)

2022-02-06 22:48:31.069  INFO 9732 --- [    Test worker] c.ch.springboot.web.HelloControllerTest  : Starting HelloControllerTest on DESKTOP-QG03ONS with PID 9732 (started by joach in C:\Users\joach\IdeaProjects\spring-example)
2022-02-06 22:48:31.071  INFO 9732 --- [    Test worker] c.ch.springboot.web.HelloControllerTest  : No active profile set, falling back to default profiles: default
2022-02-06 22:48:32.545  INFO 9732 --- [    Test worker] o.s.s.concurrent.ThreadPoolTaskExecutor  : Initializing ExecutorService 'applicationTaskExecutor'
2022-02-06 22:48:32.651  INFO 9732 --- [    Test worker] o.s.b.a.w.s.WelcomePageHandlerMapping    : Adding welcome page template: index
2022-02-06 22:48:33.068  INFO 9732 --- [    Test worker] .s.s.UserDetailsServiceAutoConfiguration : 

Using generated security password: 30041819-3d40-4f2d-b9d0-3b16ba3e4386

2022-02-06 22:48:33.342  INFO 9732 --- [    Test worker] o.s.s.web.DefaultSecurityFilterChain     : Creating filter chain: any request, [org.springframework.security.web.context.request.async.WebAsyncManagerIntegrationFilter@4acea620, org.springframework.security.web.context.SecurityContextPersistenceFilter@b26a527, org.springframework.security.web.header.HeaderWriterFilter@18497e1b, org.springframework.security.web.csrf.CsrfFilter@6b8dc39e, org.springframework.security.web.authentication.logout.LogoutFilter@76001fd3, org.springframework.security.web.authentication.UsernamePasswordAuthenticationFilter@6ddddae, org.springframework.security.web.authentication.ui.DefaultLoginPageGeneratingFilter@652a9c63, org.springframework.security.web.authentication.ui.DefaultLogoutPageGeneratingFilter@34657c9c, org.springframework.security.web.authentication.www.BasicAuthenticationFilter@721df2d6, org.springframework.security.web.savedrequest.RequestCacheAwareFilter@98b1a46, org.springframework.security.web.servletapi.SecurityContextHolderAwareRequestFilter@3a144582, org.springframework.security.web.authentication.AnonymousAuthenticationFilter@5ebe2e15, org.springframework.security.web.session.SessionManagementFilter@7fb31955, org.springframework.security.web.access.ExceptionTranslationFilter@57f427b2, org.springframework.security.web.access.intercept.FilterSecurityInterceptor@36b05460]
2022-02-06 22:48:33.397  INFO 9732 --- [    Test worker] o.s.b.t.m.w.SpringBootMockServletContext : Initializing Spring TestDispatcherServlet ''
2022-02-06 22:48:33.397  INFO 9732 --- [    Test worker] o.s.t.web.servlet.TestDispatcherServlet  : Initializing Servlet ''
2022-02-06 22:48:33.414  INFO 9732 --- [    Test worker] o.s.t.web.servlet.TestDispatcherServlet  : Completed initialization in 17 ms
2022-02-06 22:48:33.463  INFO 9732 --- [    Test worker] c.ch.springboot.web.HelloControllerTest  : Started HelloControllerTest in 2.693 seconds (JVM running for 4.706)
123
]]></system-out>
  <system-err><![CDATA[]]></system-err>
</testsuite>
